c:\users\lanse\documents\github\computer-graphic\shadermapping\shadermapping\debug\vc141.pdb
c:\users\lanse\documents\github\computer-graphic\shadermapping\shadermapping\debug\vc141.idb
c:\users\lanse\documents\github\computer-graphic\shadermapping\shadermapping\debug\main.obj
c:\users\lanse\documents\github\computer-graphic\shadermapping\shadermapping\debug\image_dxt.obj
c:\users\lanse\documents\github\computer-graphic\shadermapping\shadermapping\debug\image_helper.obj
c:\users\lanse\documents\github\computer-graphic\shadermapping\shadermapping\debug\soil.obj
c:\users\lanse\documents\github\computer-graphic\shadermapping\shadermapping\debug\stb_image_aug.obj
c:\users\lanse\documents\github\computer-graphic\shadermapping\shadermapping\debug\glad.obj
c:\users\lanse\documents\github\computer-graphic\shadermapping\shadermapping\debug\imgui.obj
c:\users\lanse\documents\github\computer-graphic\shadermapping\shadermapping\debug\imgui_demo.obj
c:\users\lanse\documents\github\computer-graphic\shadermapping\shadermapping\debug\imgui_draw.obj
c:\users\lanse\documents\github\computer-graphic\shadermapping\shadermapping\debug\imgui_impl_glfw_gl3.obj
c:\users\lanse\documents\github\computer-graphic\shadermapping\debug\shadermapping.ilk
c:\users\lanse\documents\github\computer-graphic\shadermapping\debug\shadermapping.exe
c:\users\lanse\documents\github\computer-graphic\shadermapping\debug\shadermapping.pdb
c:\users\lanse\documents\github\computer-graphic\shadermapping\shadermapping\debug\shadermapping.tlog\cl.command.1.tlog
c:\users\lanse\documents\github\computer-graphic\shadermapping\shadermapping\debug\shadermapping.tlog\cl.read.1.tlog
c:\users\lanse\documents\github\computer-graphic\shadermapping\shadermapping\debug\shadermapping.tlog\cl.write.1.tlog
c:\users\lanse\documents\github\computer-graphic\shadermapping\shadermapping\debug\shadermapping.tlog\link.command.1.tlog
c:\users\lanse\documents\github\computer-graphic\shadermapping\shadermapping\debug\shadermapping.tlog\link.read.1.tlog
c:\users\lanse\documents\github\computer-graphic\shadermapping\shadermapping\debug\shadermapping.tlog\link.write.1.tlog
