c:\users\lanse\documents\github\computer-graphic\advancelight\advancelight\debug\vc141.pdb
c:\users\lanse\documents\github\computer-graphic\advancelight\advancelight\debug\vc141.idb
c:\users\lanse\documents\github\computer-graphic\advancelight\advancelight\debug\glad.obj
c:\users\lanse\documents\github\computer-graphic\advancelight\advancelight\debug\imgui.obj
c:\users\lanse\documents\github\computer-graphic\advancelight\advancelight\debug\imgui_demo.obj
c:\users\lanse\documents\github\computer-graphic\advancelight\advancelight\debug\imgui_draw.obj
c:\users\lanse\documents\github\computer-graphic\advancelight\advancelight\debug\imgui_impl_glfw_gl3.obj
c:\users\lanse\documents\github\computer-graphic\advancelight\advancelight\debug\main.obj
c:\users\lanse\documents\github\computer-graphic\advancelight\advancelight\debug\model_test.obj
c:\users\lanse\documents\github\computer-graphic\advancelight\advancelight\debug\skybox_test.obj
c:\users\lanse\documents\github\computer-graphic\advancelight\advancelight\debug\stb_image.obj
c:\users\lanse\documents\github\computer-graphic\advancelight\advancelight\debug\texture_test.obj
c:\users\lanse\documents\github\computer-graphic\advancelight\advancelight\debug\blinn_test.obj
c:\users\lanse\documents\github\computer-graphic\advancelight\debug\advancelight.ilk
c:\users\lanse\documents\github\computer-graphic\advancelight\debug\advancelight.exe
c:\users\lanse\documents\github\computer-graphic\advancelight\debug\advancelight.pdb
c:\users\lanse\documents\github\computer-graphic\advancelight\advancelight\debug\advancelight.tlog\cl.command.1.tlog
c:\users\lanse\documents\github\computer-graphic\advancelight\advancelight\debug\advancelight.tlog\cl.read.1.tlog
c:\users\lanse\documents\github\computer-graphic\advancelight\advancelight\debug\advancelight.tlog\cl.write.1.tlog
c:\users\lanse\documents\github\computer-graphic\advancelight\advancelight\debug\advancelight.tlog\link.command.1.tlog
c:\users\lanse\documents\github\computer-graphic\advancelight\advancelight\debug\advancelight.tlog\link.read.1.tlog
c:\users\lanse\documents\github\computer-graphic\advancelight\advancelight\debug\advancelight.tlog\link.write.1.tlog
