c:\users\lanse\documents\github\computer-graphic\bezier\bezier\debug\vc141.pdb
c:\users\lanse\documents\github\computer-graphic\bezier\bezier\debug\vc141.idb
c:\users\lanse\documents\github\computer-graphic\bezier\bezier\debug\glad.obj
c:\users\lanse\documents\github\computer-graphic\bezier\bezier\debug\imgui.obj
c:\users\lanse\documents\github\computer-graphic\bezier\bezier\debug\imgui_demo.obj
c:\users\lanse\documents\github\computer-graphic\bezier\bezier\debug\imgui_draw.obj
c:\users\lanse\documents\github\computer-graphic\bezier\bezier\debug\imgui_impl_glfw_gl3.obj
c:\users\lanse\documents\github\computer-graphic\bezier\bezier\debug\main.obj
c:\users\lanse\documents\github\computer-graphic\bezier\bezier\debug\tedt.obj
c:\users\lanse\documents\github\computer-graphic\bezier\bezier\debug\test.obj
c:\users\lanse\documents\github\computer-graphic\bezier\bezier\debug\test2.obj
c:\users\lanse\documents\github\computer-graphic\bezier\bezier\debug\test3.obj
c:\users\lanse\documents\github\computer-graphic\bezier\debug\bezier.ilk
c:\users\lanse\documents\github\computer-graphic\bezier\debug\bezier.exe
c:\users\lanse\documents\github\computer-graphic\bezier\debug\bezier.pdb
c:\users\lanse\documents\github\computer-graphic\bezier\bezier\debug\bezier.tlog\cl.command.1.tlog
c:\users\lanse\documents\github\computer-graphic\bezier\bezier\debug\bezier.tlog\cl.read.1.tlog
c:\users\lanse\documents\github\computer-graphic\bezier\bezier\debug\bezier.tlog\cl.write.1.tlog
c:\users\lanse\documents\github\computer-graphic\bezier\bezier\debug\bezier.tlog\link.command.1.tlog
c:\users\lanse\documents\github\computer-graphic\bezier\bezier\debug\bezier.tlog\link.read.1.tlog
c:\users\lanse\documents\github\computer-graphic\bezier\bezier\debug\bezier.tlog\link.write.1.tlog
