  glad.c
  main.cpp
c:\users\lanse\documents\github\computer-graphic\transformation\transformation\shader.h(65): warning C4101: “infoLog”: 未引用的局部变量
c:\users\lanse\documents\github\computer-graphic\transformation\transformation\shader.h(64): warning C4101: “success”: 未引用的局部变量
  imgui_impl_glfw_gl3.cpp
  imgui_draw.cpp
  imgui_demo.cpp
  imgui.cpp
  正在生成代码...
imgui_impl_glfw_gl3.obj : error LNK2019: 无法解析的外部符号 glfwGetWindowSize，该符号在函数 "void __cdecl ImGui_ImplGlfwGL3_NewFrame(void)" (?ImGui_ImplGlfwGL3_NewFrame@@YAXXZ) 中被引用
imgui_impl_glfw_gl3.obj : error LNK2019: 无法解析的外部符号 glfwGetFramebufferSize，该符号在函数 "void __cdecl ImGui_ImplGlfwGL3_NewFrame(void)" (?ImGui_ImplGlfwGL3_NewFrame@@YAXXZ) 中被引用
main.obj : error LNK2001: 无法解析的外部符号 glfwGetFramebufferSize
imgui_impl_glfw_gl3.obj : error LNK2019: 无法解析的外部符号 glfwGetWindowAttrib，该符号在函数 "void __cdecl ImGui_ImplGlfwGL3_NewFrame(void)" (?ImGui_ImplGlfwGL3_NewFrame@@YAXXZ) 中被引用
imgui_impl_glfw_gl3.obj : error LNK2019: 无法解析的外部符号 glfwSetInputMode，该符号在函数 "void __cdecl ImGui_ImplGlfwGL3_NewFrame(void)" (?ImGui_ImplGlfwGL3_NewFrame@@YAXXZ) 中被引用
imgui_impl_glfw_gl3.obj : error LNK2019: 无法解析的外部符号 glfwGetMouseButton，该符号在函数 "void __cdecl ImGui_ImplGlfwGL3_NewFrame(void)" (?ImGui_ImplGlfwGL3_NewFrame@@YAXXZ) 中被引用
imgui_impl_glfw_gl3.obj : error LNK2019: 无法解析的外部符号 glfwGetCursorPos，该符号在函数 "void __cdecl ImGui_ImplGlfwGL3_NewFrame(void)" (?ImGui_ImplGlfwGL3_NewFrame@@YAXXZ) 中被引用
imgui_impl_glfw_gl3.obj : error LNK2019: 无法解析的外部符号 glfwSetCursorPos，该符号在函数 "void __cdecl ImGui_ImplGlfwGL3_NewFrame(void)" (?ImGui_ImplGlfwGL3_NewFrame@@YAXXZ) 中被引用
imgui_impl_glfw_gl3.obj : error LNK2019: 无法解析的外部符号 glfwCreateStandardCursor，该符号在函数 "bool __cdecl ImGui_ImplGlfwGL3_Init(struct GLFWwindow *,bool,char const *)" (?ImGui_ImplGlfwGL3_Init@@YA_NPEAUGLFWwindow@@_NPEBD@Z) 中被引用
imgui_impl_glfw_gl3.obj : error LNK2019: 无法解析的外部符号 glfwDestroyCursor，该符号在函数 "void __cdecl ImGui_ImplGlfwGL3_Shutdown(void)" (?ImGui_ImplGlfwGL3_Shutdown@@YAXXZ) 中被引用
imgui_impl_glfw_gl3.obj : error LNK2019: 无法解析的外部符号 glfwSetCursor，该符号在函数 "void __cdecl ImGui_ImplGlfwGL3_NewFrame(void)" (?ImGui_ImplGlfwGL3_NewFrame@@YAXXZ) 中被引用
imgui_impl_glfw_gl3.obj : error LNK2019: 无法解析的外部符号 glfwSetKeyCallback，该符号在函数 "void __cdecl ImGui_ImplGlfw_InstallCallbacks(struct GLFWwindow *)" (?ImGui_ImplGlfw_InstallCallbacks@@YAXPEAUGLFWwindow@@@Z) 中被引用
imgui_impl_glfw_gl3.obj : error LNK2019: 无法解析的外部符号 glfwSetCharCallback，该符号在函数 "void __cdecl ImGui_ImplGlfw_InstallCallbacks(struct GLFWwindow *)" (?ImGui_ImplGlfw_InstallCallbacks@@YAXPEAUGLFWwindow@@@Z) 中被引用
imgui_impl_glfw_gl3.obj : error LNK2019: 无法解析的外部符号 glfwSetMouseButtonCallback，该符号在函数 "void __cdecl ImGui_ImplGlfw_InstallCallbacks(struct GLFWwindow *)" (?ImGui_ImplGlfw_InstallCallbacks@@YAXPEAUGLFWwindow@@@Z) 中被引用
imgui_impl_glfw_gl3.obj : error LNK2019: 无法解析的外部符号 glfwSetScrollCallback，该符号在函数 "void __cdecl ImGui_ImplGlfw_InstallCallbacks(struct GLFWwindow *)" (?ImGui_ImplGlfw_InstallCallbacks@@YAXPEAUGLFWwindow@@@Z) 中被引用
imgui_impl_glfw_gl3.obj : error LNK2019: 无法解析的外部符号 glfwGetJoystickAxes，该符号在函数 "void __cdecl ImGui_ImplGlfwGL3_NewFrame(void)" (?ImGui_ImplGlfwGL3_NewFrame@@YAXXZ) 中被引用
imgui_impl_glfw_gl3.obj : error LNK2019: 无法解析的外部符号 glfwGetJoystickButtons，该符号在函数 "void __cdecl ImGui_ImplGlfwGL3_NewFrame(void)" (?ImGui_ImplGlfwGL3_NewFrame@@YAXXZ) 中被引用
imgui_impl_glfw_gl3.obj : error LNK2019: 无法解析的外部符号 glfwSetClipboardString，该符号在函数 "void __cdecl ImGui_ImplGlfwGL3_SetClipboardText(void *,char const *)" (?ImGui_ImplGlfwGL3_SetClipboardText@@YAXPEAXPEBD@Z) 中被引用
imgui_impl_glfw_gl3.obj : error LNK2019: 无法解析的外部符号 glfwGetClipboardString，该符号在函数 "char const * __cdecl ImGui_ImplGlfwGL3_GetClipboardText(void *)" (?ImGui_ImplGlfwGL3_GetClipboardText@@YAPEBDPEAX@Z) 中被引用
imgui_impl_glfw_gl3.obj : error LNK2019: 无法解析的外部符号 glfwGetTime，该符号在函数 "void __cdecl ImGui_ImplGlfwGL3_NewFrame(void)" (?ImGui_ImplGlfwGL3_NewFrame@@YAXXZ) 中被引用
imgui_impl_glfw_gl3.obj : error LNK2019: 无法解析的外部符号 glfwGetWin32Window，该符号在函数 "bool __cdecl ImGui_ImplGlfwGL3_Init(struct GLFWwindow *,bool,char const *)" (?ImGui_ImplGlfwGL3_Init@@YA_NPEAUGLFWwindow@@_NPEBD@Z) 中被引用
main.obj : error LNK2019: 无法解析的外部符号 glfwInit，该符号在函数 main 中被引用
main.obj : error LNK2019: 无法解析的外部符号 glfwTerminate，该符号在函数 main 中被引用
main.obj : error LNK2019: 无法解析的外部符号 glfwSetErrorCallback，该符号在函数 main 中被引用
main.obj : error LNK2019: 无法解析的外部符号 glfwWindowHint，该符号在函数 main 中被引用
main.obj : error LNK2019: 无法解析的外部符号 glfwCreateWindow，该符号在函数 main 中被引用
main.obj : error LNK2019: 无法解析的外部符号 glfwWindowShouldClose，该符号在函数 main 中被引用
main.obj : error LNK2019: 无法解析的外部符号 glfwSetFramebufferSizeCallback，该符号在函数 main 中被引用
main.obj : error LNK2019: 无法解析的外部符号 glfwPollEvents，该符号在函数 main 中被引用
main.obj : error LNK2019: 无法解析的外部符号 glfwMakeContextCurrent，该符号在函数 main 中被引用
main.obj : error LNK2019: 无法解析的外部符号 glfwSwapBuffers，该符号在函数 main 中被引用
main.obj : error LNK2019: 无法解析的外部符号 glfwGetProcAddress，该符号在函数 main 中被引用
.\GL\lib\glfw3.lib : warning LNK4272: 库计算机类型“X86”与目标计算机类型“x64”冲突
C:\Users\lanse\Documents\GitHub\Computer-Graphic\Transformation\x64\Debug\Transformation.exe : fatal error LNK1120: 31 个无法解析的外部命令
